TN:
SF:examples\environment-variables.js
FNF:0
FNH:0
BRDA:1,0,0,1
BRF:1
BRH:1
DA:1,1
DA:2,1
DA:3,1
DA:4,1
DA:5,1
DA:6,1
DA:7,1
DA:8,1
DA:9,1
DA:10,1
DA:11,1
DA:12,1
DA:13,1
DA:14,1
DA:15,1
DA:16,1
DA:17,1
DA:18,1
DA:19,1
DA:20,1
DA:21,1
DA:22,1
LH:22
LF:22
end_of_record
SF:src\nestre-api-manager.js
FN:41,<instance_members_initializer>
FN:77,NestreApiManager
FN:106,GetInstance
FN:127,SetBaseUrl
FN:149,SetAuthToken
FN:169,ClearAuthToken
FN:191,Request
FN:255,anonymous_7
FNDA:14,<instance_members_initializer>
FNDA:14,NestreApiManager
FNDA:53,GetInstance
FNDA:16,SetBaseUrl
FNDA:12,SetAuthToken
FNDA:1,ClearAuthToken
FNDA:13,Request
FNDA:0,anonymous_7
FNF:8
FNH:7
BRDA:1,0,0,1
BRDA:41,1,0,14
BRDA:77,2,0,14
BRDA:82,3,0,0
BRDA:91,4,0,0
BRDA:106,5,0,53
BRDA:110,6,0,14
BRDA:127,7,0,16
BRDA:131,8,0,15
BRDA:131,9,0,14
BRDA:132,10,0,3
BRDA:134,11,0,13
BRDA:149,12,0,12
BRDA:152,13,0,11
BRDA:152,14,0,11
BRDA:153,15,0,1
BRDA:155,16,0,11
BRDA:169,17,0,1
BRDA:191,18,0,13
BRDA:195,19,0,0
BRDA:199,20,0,12
BRDA:199,21,0,11
BRDA:200,22,0,3
BRDA:202,23,0,10
BRDA:204,24,0,9
BRDA:204,25,0,8
BRDA:205,26,0,3
BRDA:207,27,0,7
BRDA:209,28,0,6
BRDA:209,29,0,5
BRDA:210,30,0,3
BRDA:212,31,0,4
BRDA:214,32,0,1
BRDA:214,33,0,1
BRDA:214,34,0,1
BRDA:215,35,0,1
BRDA:217,36,0,3
BRDA:219,37,0,2
BRDA:219,38,0,1
BRDA:220,39,0,3
BRDA:222,40,0,0
BRDA:263,41,0,0
BRF:42
BRH:37
DA:1,1
DA:2,1
DA:3,1
DA:4,1
DA:5,1
DA:6,1
DA:7,1
DA:8,1
DA:9,1
DA:10,1
DA:11,1
DA:12,1
DA:13,1
DA:14,1
DA:15,1
DA:16,1
DA:17,1
DA:18,1
DA:19,1
DA:20,1
DA:21,1
DA:22,1
DA:23,1
DA:24,1
DA:25,1
DA:26,1
DA:27,1
DA:28,1
DA:29,1
DA:30,1
DA:31,1
DA:32,1
DA:33,1
DA:34,1
DA:35,1
DA:36,1
DA:37,1
DA:38,1
DA:39,1
DA:40,1
DA:41,14
DA:42,14
DA:43,14
DA:44,14
DA:45,14
DA:46,14
DA:47,14
DA:48,14
DA:49,14
DA:50,14
DA:51,14
DA:52,14
DA:53,14
DA:54,14
DA:55,14
DA:56,14
DA:57,14
DA:58,14
DA:59,14
DA:60,14
DA:61,14
DA:62,14
DA:63,14
DA:64,14
DA:65,14
DA:66,14
DA:67,14
DA:68,14
DA:69,14
DA:70,14
DA:71,14
DA:72,14
DA:73,14
DA:74,14
DA:75,14
DA:76,14
DA:77,14
DA:78,14
DA:79,14
DA:80,14
DA:81,14
DA:82,14
DA:83,0
DA:84,0
DA:85,14
DA:86,14
DA:87,14
DA:88,14
DA:89,14
DA:90,14
DA:91,14
DA:92,0
DA:93,0
DA:94,14
DA:95,14
DA:96,14
DA:97,14
DA:98,14
DA:99,14
DA:100,14
DA:101,14
DA:102,14
DA:103,14
DA:104,14
DA:105,14
DA:106,14
DA:107,53
DA:108,53
DA:109,53
DA:110,53
DA:111,14
DA:112,14
DA:113,53
DA:114,53
DA:115,53
DA:116,14
DA:117,14
DA:118,14
DA:119,14
DA:120,14
DA:121,14
DA:122,14
DA:123,14
DA:124,14
DA:125,14
DA:126,14
DA:127,16
DA:128,16
DA:129,16
DA:130,16
DA:131,16
DA:132,16
DA:133,3
DA:134,3
DA:135,13
DA:136,13
DA:137,13
DA:138,14
DA:139,14
DA:140,14
DA:141,14
DA:142,14
DA:143,14
DA:144,14
DA:145,14
DA:146,14
DA:147,14
DA:148,14
DA:149,14
DA:150,12
DA:151,12
DA:152,12
DA:153,12
DA:154,1
DA:155,1
DA:156,11
DA:157,11
DA:158,11
DA:159,14
DA:160,14
DA:161,14
DA:162,14
DA:163,14
DA:164,14
DA:165,14
DA:166,14
DA:167,14
DA:168,14
DA:169,14
DA:170,1
DA:171,1
DA:172,1
DA:173,1
DA:174,14
DA:175,14
DA:176,14
DA:177,14
DA:178,14
DA:179,14
DA:180,14
DA:181,14
DA:182,14
DA:183,14
DA:184,14
DA:185,14
DA:186,14
DA:187,14
DA:188,14
DA:189,14
DA:190,14
DA:191,14
DA:192,13
DA:193,13
DA:194,13
DA:195,13
DA:196,0
DA:197,0
DA:198,13
DA:199,13
DA:200,13
DA:201,3
DA:202,3
DA:203,10
DA:204,13
DA:205,13
DA:206,3
DA:207,3
DA:208,7
DA:209,13
DA:210,13
DA:211,3
DA:212,3
DA:213,4
DA:214,13
DA:215,13
DA:216,1
DA:217,1
DA:218,3
DA:219,13
DA:220,13
DA:221,3
DA:222,3
DA:223,0
DA:224,0
DA:225,0
DA:226,0
DA:227,0
DA:228,0
DA:229,0
DA:230,0
DA:231,0
DA:232,0
DA:233,0
DA:234,0
DA:235,0
DA:236,0
DA:237,0
DA:238,0
DA:239,0
DA:240,0
DA:241,0
DA:242,0
DA:243,0
DA:244,0
DA:245,0
DA:246,0
DA:247,0
DA:248,0
DA:249,0
DA:250,0
DA:251,0
DA:252,0
DA:253,0
DA:254,0
DA:255,0
DA:256,0
DA:257,0
DA:258,0
DA:259,0
DA:260,0
DA:261,0
DA:262,13
DA:263,13
DA:264,0
DA:265,0
DA:266,0
DA:267,0
DA:268,0
DA:269,0
DA:270,0
DA:271,14
DA:272,14
DA:273,14
DA:274,14
DA:275,1
DA:276,1
DA:277,1
LH:225
LF:277
end_of_record
SF:src\user\user-api.js
FN:31,UserApi
FN:50,GetBasicUserProfileByEmail
FN:69,GetBasicUserProfile
FN:87,UpdateUserProfile
FN:106,GetFullUserProfile
FN:123,CreateNewUserAccount
FN:140,DeleteUserAccount
FN:158,CreateReferralAccount
FNDA:0,UserApi
FNDA:0,GetBasicUserProfileByEmail
FNDA:0,GetBasicUserProfile
FNDA:0,UpdateUserProfile
FNDA:0,GetFullUserProfile
FNDA:0,CreateNewUserAccount
FNDA:0,DeleteUserAccount
FNDA:0,CreateReferralAccount
FNF:8
FNH:0
BRDA:1,0,0,1
BRF:1
BRH:1
DA:1,1
DA:2,1
DA:3,1
DA:4,1
DA:5,1
DA:6,1
DA:7,1
DA:8,1
DA:9,1
DA:10,1
DA:11,1
DA:12,1
DA:13,1
DA:14,1
DA:15,1
DA:16,1
DA:17,1
DA:18,1
DA:19,1
DA:20,1
DA:21,1
DA:22,1
DA:23,1
DA:24,1
DA:25,1
DA:26,1
DA:27,1
DA:28,1
DA:29,1
DA:30,1
DA:31,1
DA:32,0
DA:33,0
DA:34,0
DA:35,1
DA:36,1
DA:37,1
DA:38,1
DA:39,1
DA:40,1
DA:41,1
DA:42,1
DA:43,1
DA:44,1
DA:45,1
DA:46,1
DA:47,1
DA:48,1
DA:49,1
DA:50,1
DA:51,0
DA:52,0
DA:53,0
DA:54,0
DA:55,1
DA:56,1
DA:57,1
DA:58,1
DA:59,1
DA:60,1
DA:61,1
DA:62,1
DA:63,1
DA:64,1
DA:65,1
DA:66,1
DA:67,1
DA:68,1
DA:69,1
DA:70,0
DA:71,0
DA:72,0
DA:73,0
DA:74,1
DA:75,1
DA:76,1
DA:77,1
DA:78,1
DA:79,1
DA:80,1
DA:81,1
DA:82,1
DA:83,1
DA:84,1
DA:85,1
DA:86,1
DA:87,1
DA:88,0
DA:89,0
DA:90,0
DA:91,0
DA:92,1
DA:93,1
DA:94,1
DA:95,1
DA:96,1
DA:97,1
DA:98,1
DA:99,1
DA:100,1
DA:101,1
DA:102,1
DA:103,1
DA:104,1
DA:105,1
DA:106,1
DA:107,0
DA:108,0
DA:109,0
DA:110,0
DA:111,0
DA:112,1
DA:113,1
DA:114,1
DA:115,1
DA:116,1
DA:117,1
DA:118,1
DA:119,1
DA:120,1
DA:121,1
DA:122,1
DA:123,1
DA:124,0
DA:125,0
DA:126,0
DA:127,0
DA:128,0
DA:129,1
DA:130,1
DA:131,1
DA:132,1
DA:133,1
DA:134,1
DA:135,1
DA:136,1
DA:137,1
DA:138,1
DA:139,1
DA:140,1
DA:141,0
DA:142,0
DA:143,0
DA:144,0
DA:145,0
DA:146,1
DA:147,1
DA:148,1
DA:149,1
DA:150,1
DA:151,1
DA:152,1
DA:153,1
DA:154,1
DA:155,1
DA:156,1
DA:157,1
DA:158,1
DA:159,0
DA:160,0
DA:161,0
DA:162,0
DA:163,0
DA:164,1
DA:165,1
DA:166,1
DA:167,1
DA:168,1
LH:133
LF:168
end_of_record
SF:tests\nestre-api-manager.test.js
FN:25,anonymous_0
FN:28,anonymous_1
FN:46,anonymous_2
FN:49,anonymous_3
FN:61,anonymous_4
FN:79,anonymous_5
FN:81,anonymous_6
FN:90,anonymous_7
FN:97,anonymous_8
FN:106,anonymous_9
FN:113,anonymous_10
FN:122,anonymous_11
FN:135,anonymous_12
FN:137,anonymous_13
FN:146,anonymous_14
FN:159,anonymous_15
FN:161,anonymous_16
FN:180,anonymous_17
FN:186,anonymous_18
FN:203,anonymous_19
FN:220,anonymous_20
FN:240,anonymous_21
FN:258,anonymous_22
FN:276,anonymous_23
FN:297,anonymous_24
FN:314,anonymous_25
FN:331,anonymous_26
FN:348,anonymous_27
FN:368,anonymous_28
FN:385,anonymous_29
FN:402,anonymous_30
FNDA:1,anonymous_0
FNDA:1,anonymous_1
FNDA:1,anonymous_2
FNDA:1,anonymous_3
FNDA:1,anonymous_4
FNDA:1,anonymous_5
FNDA:1,anonymous_6
FNDA:1,anonymous_7
FNDA:1,anonymous_8
FNDA:1,anonymous_9
FNDA:1,anonymous_10
FNDA:1,anonymous_11
FNDA:1,anonymous_12
FNDA:1,anonymous_13
FNDA:1,anonymous_14
FNDA:1,anonymous_15
FNDA:1,anonymous_16
FNDA:1,anonymous_17
FNDA:1,anonymous_18
FNDA:1,anonymous_19
FNDA:1,anonymous_20
FNDA:1,anonymous_21
FNDA:1,anonymous_22
FNDA:1,anonymous_23
FNDA:1,anonymous_24
FNDA:1,anonymous_25
FNDA:1,anonymous_26
FNDA:1,anonymous_27
FNDA:1,anonymous_28
FNDA:1,anonymous_29
FNDA:1,anonymous_30
FNF:31
FNH:31
BRDA:1,0,0,1
BRDA:25,1,0,1
BRDA:28,2,0,1
BRDA:46,3,0,1
BRDA:49,4,0,1
BRDA:61,5,0,1
BRDA:79,6,0,1
BRDA:81,7,0,1
BRDA:90,8,0,1
BRDA:97,9,0,1
BRDA:106,10,0,1
BRDA:113,11,0,1
BRDA:122,12,0,1
BRDA:135,13,0,1
BRDA:137,14,0,1
BRDA:146,15,0,1
BRDA:159,16,0,1
BRDA:161,17,0,1
BRDA:180,18,0,1
BRDA:186,19,0,1
BRDA:203,20,0,1
BRDA:220,21,0,1
BRDA:240,22,0,1
BRDA:258,23,0,1
BRDA:276,24,0,1
BRDA:297,25,0,1
BRDA:314,26,0,1
BRDA:331,27,0,1
BRDA:348,28,0,1
BRDA:368,29,0,1
BRDA:385,30,0,1
BRDA:402,31,0,1
BRF:32
BRH:32
DA:1,1
DA:2,1
DA:3,1
DA:4,1
DA:5,1
DA:6,1
DA:7,1
DA:8,1
DA:9,1
DA:10,1
DA:11,1
DA:12,1
DA:13,1
DA:14,1
DA:15,1
DA:16,1
DA:17,1
DA:18,1
DA:19,1
DA:20,1
DA:21,1
DA:22,1
DA:23,1
DA:24,1
DA:25,1
DA:26,1
DA:27,1
DA:28,1
DA:29,1
DA:30,1
DA:31,1
DA:32,1
DA:33,1
DA:34,1
DA:35,1
DA:36,1
DA:37,1
DA:38,1
DA:39,1
DA:40,1
DA:41,1
DA:42,1
DA:43,1
DA:44,1
DA:45,1
DA:46,1
DA:47,1
DA:48,1
DA:49,1
DA:50,1
DA:51,1
DA:52,1
DA:53,1
DA:54,1
DA:55,1
DA:56,1
DA:57,1
DA:58,1
DA:59,1
DA:60,1
DA:61,1
DA:62,1
DA:63,1
DA:64,1
DA:65,1
DA:66,1
DA:67,1
DA:68,1
DA:69,1
DA:70,1
DA:71,1
DA:72,1
DA:73,1
DA:74,1
DA:75,1
DA:76,1
DA:77,1
DA:78,1
DA:79,1
DA:80,1
DA:81,1
DA:82,1
DA:83,1
DA:84,1
DA:85,1
DA:86,1
DA:87,1
DA:88,1
DA:89,1
DA:90,1
DA:91,1
DA:92,1
DA:93,1
DA:94,1
DA:95,1
DA:96,1
DA:97,1
DA:98,1
DA:99,1
DA:100,1
DA:101,1
DA:102,1
DA:103,1
DA:104,1
DA:105,1
DA:106,1
DA:107,1
DA:108,1
DA:109,1
DA:110,1
DA:111,1
DA:112,1
DA:113,1
DA:114,1
DA:115,1
DA:116,1
DA:117,1
DA:118,1
DA:119,1
DA:120,1
DA:121,1
DA:122,1
DA:123,1
DA:124,1
DA:125,1
DA:126,1
DA:127,1
DA:128,1
DA:129,1
DA:130,1
DA:131,1
DA:132,1
DA:133,1
DA:134,1
DA:135,1
DA:136,1
DA:137,1
DA:138,1
DA:139,1
DA:140,1
DA:141,1
DA:142,1
DA:143,1
DA:144,1
DA:145,1
DA:146,1
DA:147,1
DA:148,1
DA:149,1
DA:150,1
DA:151,1
DA:152,1
DA:153,1
DA:154,1
DA:155,1
DA:156,1
DA:157,1
DA:158,1
DA:159,1
DA:160,1
DA:161,1
DA:162,1
DA:163,1
DA:164,1
DA:165,1
DA:166,1
DA:167,1
DA:168,1
DA:169,1
DA:170,1
DA:171,1
DA:172,1
DA:173,1
DA:174,1
DA:175,1
DA:176,1
DA:177,1
DA:178,1
DA:179,1
DA:180,1
DA:181,1
DA:182,1
DA:183,1
DA:184,1
DA:185,1
DA:186,1
DA:187,1
DA:188,1
DA:189,1
DA:190,1
DA:191,1
DA:192,1
DA:193,1
DA:194,1
DA:195,1
DA:196,1
DA:197,1
DA:198,1
DA:199,1
DA:200,1
DA:201,1
DA:202,1
DA:203,1
DA:204,1
DA:205,1
DA:206,1
DA:207,1
DA:208,1
DA:209,1
DA:210,1
DA:211,1
DA:212,1
DA:213,1
DA:214,1
DA:215,1
DA:216,1
DA:217,1
DA:218,1
DA:219,1
DA:220,1
DA:221,1
DA:222,1
DA:223,1
DA:224,1
DA:225,1
DA:226,1
DA:227,1
DA:228,1
DA:229,1
DA:230,1
DA:231,1
DA:232,1
DA:233,1
DA:234,1
DA:235,1
DA:236,1
DA:237,1
DA:238,1
DA:239,1
DA:240,1
DA:241,1
DA:242,1
DA:243,1
DA:244,1
DA:245,1
DA:246,1
DA:247,1
DA:248,1
DA:249,1
DA:250,1
DA:251,1
DA:252,1
DA:253,1
DA:254,1
DA:255,1
DA:256,1
DA:257,1
DA:258,1
DA:259,1
DA:260,1
DA:261,1
DA:262,1
DA:263,1
DA:264,1
DA:265,1
DA:266,1
DA:267,1
DA:268,1
DA:269,1
DA:270,1
DA:271,1
DA:272,1
DA:273,1
DA:274,1
DA:275,1
DA:276,1
DA:277,1
DA:278,1
DA:279,1
DA:280,1
DA:281,1
DA:282,1
DA:283,1
DA:284,1
DA:285,1
DA:286,1
DA:287,1
DA:288,1
DA:289,1
DA:290,1
DA:291,1
DA:292,1
DA:293,1
DA:294,1
DA:295,1
DA:296,1
DA:297,1
DA:298,1
DA:299,1
DA:300,1
DA:301,1
DA:302,1
DA:303,1
DA:304,1
DA:305,1
DA:306,1
DA:307,1
DA:308,1
DA:309,1
DA:310,1
DA:311,1
DA:312,1
DA:313,1
DA:314,1
DA:315,1
DA:316,1
DA:317,1
DA:318,1
DA:319,1
DA:320,1
DA:321,1
DA:322,1
DA:323,1
DA:324,1
DA:325,1
DA:326,1
DA:327,1
DA:328,1
DA:329,1
DA:330,1
DA:331,1
DA:332,1
DA:333,1
DA:334,1
DA:335,1
DA:336,1
DA:337,1
DA:338,1
DA:339,1
DA:340,1
DA:341,1
DA:342,1
DA:343,1
DA:344,1
DA:345,1
DA:346,1
DA:347,1
DA:348,1
DA:349,1
DA:350,1
DA:351,1
DA:352,1
DA:353,1
DA:354,1
DA:355,1
DA:356,1
DA:357,1
DA:358,1
DA:359,1
DA:360,1
DA:361,1
DA:362,1
DA:363,1
DA:364,1
DA:365,1
DA:366,1
DA:367,1
DA:368,1
DA:369,1
DA:370,1
DA:371,1
DA:372,1
DA:373,1
DA:374,1
DA:375,1
DA:376,1
DA:377,1
DA:378,1
DA:379,1
DA:380,1
DA:381,1
DA:382,1
DA:383,1
DA:384,1
DA:385,1
DA:386,1
DA:387,1
DA:388,1
DA:389,1
DA:390,1
DA:391,1
DA:392,1
DA:393,1
DA:394,1
DA:395,1
DA:396,1
DA:397,1
DA:398,1
DA:399,1
DA:400,1
DA:401,1
DA:402,1
DA:403,1
DA:404,1
DA:405,1
DA:406,1
DA:407,1
DA:408,1
DA:409,1
DA:410,1
DA:411,1
DA:412,1
DA:413,1
DA:414,1
DA:415,1
DA:416,1
DA:417,1
DA:418,1
DA:419,1
DA:420,1
DA:421,1
LH:421
LF:421
end_of_record
